root - DEBUG - func:'create_df_from_file' args:[('../data/fulton\\Constance_Mackey_DIGEST 14th 2015 02162023.xlsx', None), {}] took: 21.6464 sec
logger - INFO - Shape of Constance_Mackey_DIGEST 14th 2015 02162023.xlsx when read: (87177, 122)
logger - INFO - Shape of Constance_Mackey_DIGEST 14th 2015 02162023.xlsx after processing: (87177, 1)
root - DEBUG - func:'create_df_from_file' args:[('../data/fulton\\Constance_Mackey_STANDARDS DIGEST 14th  2017.xlsx', None), {}] took: 21.7425 sec
logger - INFO - Shape of Constance_Mackey_STANDARDS DIGEST 14th  2017.xlsx when read: (87400, 122)
logger - INFO - Shape of Constance_Mackey_STANDARDS DIGEST 14th  2017.xlsx after processing: (87400, 1)
root - DEBUG - func:'create_df_from_file' args:[('../data/fulton\\Constance_Mackey_STANDARDS DIGEST 14th 2010-2011.xlsx', None), {}] took: 42.7835 sec
logger - INFO - Shape of Constance_Mackey_STANDARDS DIGEST 14th 2010-2011.xlsx when read: (174306, 122)
logger - INFO - Shape of Constance_Mackey_STANDARDS DIGEST 14th 2010-2011.xlsx after processing: (174306, 1)
root - DEBUG - func:'create_df_from_file' args:[('../data/fulton\\Constance_Mackey_STANDARDS DIGEST 14th 2012-2013.xlsx', None), {}] took: 42.3912 sec
logger - INFO - Shape of Constance_Mackey_STANDARDS DIGEST 14th 2012-2013.xlsx when read: (174256, 122)
logger - INFO - Shape of Constance_Mackey_STANDARDS DIGEST 14th 2012-2013.xlsx after processing: (174256, 1)
root - DEBUG - func:'create_df_from_file' args:[('../data/fulton\\Constance_Mackey_STANDARDS DIGEST 14th 2014.xlsx', None), {}] took: 21.4549 sec
logger - INFO - Shape of Constance_Mackey_STANDARDS DIGEST 14th 2014.xlsx when read: (87167, 122)
logger - INFO - Shape of Constance_Mackey_STANDARDS DIGEST 14th 2014.xlsx after processing: (87167, 1)
root - DEBUG - func:'create_df_from_file' args:[('../data/fulton\\Constance_Mackey_STANDARDS DIGEST 14th 2018.xlsx', None), {}] took: 22.7168 sec
logger - INFO - Shape of Constance_Mackey_STANDARDS DIGEST 14th 2018.xlsx when read: (87679, 122)
logger - INFO - Shape of Constance_Mackey_STANDARDS DIGEST 14th 2018.xlsx after processing: (87679, 1)
root - DEBUG - func:'create_df_from_file' args:[('../data/fulton\\Constance_Mackey_STANDARDS DIGEST 14th 2019.xlsx', None), {}] took: 22.3395 sec
logger - INFO - Shape of Constance_Mackey_STANDARDS DIGEST 14th 2019.xlsx when read: (88096, 122)
logger - INFO - Shape of Constance_Mackey_STANDARDS DIGEST 14th 2019.xlsx after processing: (88096, 1)
root - DEBUG - func:'create_df_from_file' args:[('../data/fulton\\Constance_Mackey_STANDARDS DIGEST 14th 2020.xlsx', None), {}] took: 22.6493 sec
logger - INFO - Shape of Constance_Mackey_STANDARDS DIGEST 14th 2020.xlsx when read: (88418, 122)
logger - INFO - Shape of Constance_Mackey_STANDARDS DIGEST 14th 2020.xlsx after processing: (88418, 1)
root - DEBUG - func:'create_df_from_file' args:[('../data/fulton\\Constance_Mackey_STANDARDS DIGEST 14th 2021.xlsx', None), {}] took: 22.3440 sec
logger - INFO - Shape of Constance_Mackey_STANDARDS DIGEST 14th 2021.xlsx when read: (88534, 122)
logger - INFO - Shape of Constance_Mackey_STANDARDS DIGEST 14th 2021.xlsx after processing: (88534, 1)
root - DEBUG - func:'create_df_from_file' args:[('../data/fulton\\Constance_Mackey_STANDARDS DIGEST 14TH 2022.xlsx', None), {}] took: 22.5650 sec
logger - INFO - Shape of Constance_Mackey_STANDARDS DIGEST 14TH 2022.xlsx when read: (89145, 122)
logger - INFO - Shape of Constance_Mackey_STANDARDS DIGEST 14TH 2022.xlsx after processing: (89145, 1)
root - DEBUG - func:'create_df_from_file' args:[('../data/fulton\\Constance_Mackey_STANDARDS DIGEST 17th  2018.xlsx', None), {}] took: 31.0428 sec
logger - INFO - Shape of Constance_Mackey_STANDARDS DIGEST 17th  2018.xlsx when read: (79611, 122)
logger - INFO - Shape of Constance_Mackey_STANDARDS DIGEST 17th  2018.xlsx after processing: (79611, 1)
root - DEBUG - func:'create_df_from_file' args:[('../data/fulton\\Constance_Mackey_STANDARDS DIGEST 17th  2019.xlsx', None), {}] took: 30.0806 sec
logger - INFO - Shape of Constance_Mackey_STANDARDS DIGEST 17th  2019.xlsx when read: (80414, 122)
logger - INFO - Shape of Constance_Mackey_STANDARDS DIGEST 17th  2019.xlsx after processing: (80414, 1)
root - DEBUG - func:'create_df_from_file' args:[('../data/fulton\\Constance_Mackey_STANDARDS DIGEST 17th 2010-2011.xlsx', None), {}] took: 47.6950 sec
logger - INFO - Shape of Constance_Mackey_STANDARDS DIGEST 17th 2010-2011.xlsx when read: (152883, 122)
logger - INFO - Shape of Constance_Mackey_STANDARDS DIGEST 17th 2010-2011.xlsx after processing: (152883, 1)
root - DEBUG - func:'create_df_from_file' args:[('../data/fulton\\Constance_Mackey_STANDARDS DIGEST 17th 2012-2013.xlsx', None), {}] took: 40.5711 sec
logger - INFO - Shape of Constance_Mackey_STANDARDS DIGEST 17th 2012-2013.xlsx when read: (154481, 122)
logger - INFO - Shape of Constance_Mackey_STANDARDS DIGEST 17th 2012-2013.xlsx after processing: (154481, 1)
root - DEBUG - func:'create_df_from_file' args:[('../data/fulton\\Constance_Mackey_STANDARDS DIGEST 17th 2014.xlsx', None), {}] took: 20.7668 sec
logger - INFO - Shape of Constance_Mackey_STANDARDS DIGEST 17th 2014.xlsx when read: (77685, 122)
logger - INFO - Shape of Constance_Mackey_STANDARDS DIGEST 17th 2014.xlsx after processing: (77685, 1)
root - DEBUG - func:'create_df_from_file' args:[('../data/fulton\\Constance_Mackey_STANDARDS DIGEST 17th 2015.xlsx', None), {}] took: 26.4652 sec
logger - INFO - Shape of Constance_Mackey_STANDARDS DIGEST 17th 2015.xlsx when read: (77972, 122)
logger - INFO - Shape of Constance_Mackey_STANDARDS DIGEST 17th 2015.xlsx after processing: (77972, 1)
root - DEBUG - func:'create_df_from_file' args:[('../data/fulton\\Constance_Mackey_STANDARDS DIGEST 17th 2016.xlsx', None), {}] took: 39.1374 sec
logger - INFO - Shape of Constance_Mackey_STANDARDS DIGEST 17th 2016.xlsx when read: (78360, 122)
logger - INFO - Shape of Constance_Mackey_STANDARDS DIGEST 17th 2016.xlsx after processing: (78360, 1)
root - DEBUG - func:'create_df_from_file' args:[('../data/fulton\\Constance_Mackey_STANDARDS DIGEST 17th 2017.xlsx', None), {}] took: 39.9649 sec
logger - INFO - Shape of Constance_Mackey_STANDARDS DIGEST 17th 2017.xlsx when read: (79036, 122)
logger - INFO - Shape of Constance_Mackey_STANDARDS DIGEST 17th 2017.xlsx after processing: (79036, 1)
root - DEBUG - func:'create_df_from_file' args:[('../data/fulton\\Constance_Mackey_STANDARDS DIGEST 17th 2020.xlsx', None), {}] took: 41.2575 sec
logger - INFO - Shape of Constance_Mackey_STANDARDS DIGEST 17th 2020.xlsx when read: (81084, 122)
logger - INFO - Shape of Constance_Mackey_STANDARDS DIGEST 17th 2020.xlsx after processing: (81084, 1)
root - DEBUG - func:'create_df_from_file' args:[('../data/fulton\\Constance_Mackey_STANDARDS DIGEST 17th 2021.xlsx', None), {}] took: 40.6459 sec
logger - INFO - Shape of Constance_Mackey_STANDARDS DIGEST 17th 2021.xlsx when read: (81043, 122)
logger - INFO - Shape of Constance_Mackey_STANDARDS DIGEST 17th 2021.xlsx after processing: (81043, 1)
root - DEBUG - func:'create_df_from_file' args:[('../data/fulton\\Constance_Mackey_STANDARDS DIGEST 17th 2022.xlsx', None), {}] took: 41.3937 sec
logger - INFO - Shape of Constance_Mackey_STANDARDS DIGEST 17th 2022.xlsx when read: (81504, 122)
logger - INFO - Shape of Constance_Mackey_STANDARDS DIGEST 17th 2022.xlsx after processing: (81504, 1)
root - DEBUG - func:'create_df_from_file' args:[('../data/fulton\\Constance_Mackey_STANDARDS DIGEST ATL  2015.xlsx', None), {}] took: 67.3563 sec
logger - INFO - Shape of Constance_Mackey_STANDARDS DIGEST ATL  2015.xlsx when read: (136983, 122)
logger - INFO - Shape of Constance_Mackey_STANDARDS DIGEST ATL  2015.xlsx after processing: (136983, 1)
root - DEBUG - func:'create_df_from_file' args:[('../data/fulton\\Constance_Mackey_STANDARDS DIGEST ATL  2016.xlsx', None), {}] took: 72.5575 sec
logger - INFO - Shape of Constance_Mackey_STANDARDS DIGEST ATL  2016.xlsx when read: (153101, 122)
logger - INFO - Shape of Constance_Mackey_STANDARDS DIGEST ATL  2016.xlsx after processing: (153101, 1)
root - DEBUG - func:'create_df_from_file' args:[('../data/fulton\\Constance_Mackey_STANDARDS DIGEST ATL  2017.xlsx', None), {}] took: 74.1942 sec
logger - INFO - Shape of Constance_Mackey_STANDARDS DIGEST ATL  2017.xlsx when read: (154044, 122)
logger - INFO - Shape of Constance_Mackey_STANDARDS DIGEST ATL  2017.xlsx after processing: (154044, 1)
root - DEBUG - func:'create_df_from_file' args:[('../data/fulton\\Constance_Mackey_STANDARDS DIGEST ATL  2019.xlsx', None), {}] took: 53.0012 sec
logger - INFO - Shape of Constance_Mackey_STANDARDS DIGEST ATL  2019.xlsx when read: (155302, 122)
logger - INFO - Shape of Constance_Mackey_STANDARDS DIGEST ATL  2019.xlsx after processing: (155302, 1)
root - DEBUG - func:'create_df_from_file' args:[('../data/fulton\\Constance_Mackey_STANDARDS DIGEST ATL 2011-2012.xlsx', None), {}] took: 141.7925 sec
logger - INFO - Shape of Constance_Mackey_STANDARDS DIGEST ATL 2011-2012.xlsx when read: (304562, 122)
logger - INFO - Shape of Constance_Mackey_STANDARDS DIGEST ATL 2011-2012.xlsx after processing: (304562, 1)
root - DEBUG - func:'create_df_from_file' args:[('../data/fulton\\Constance_Mackey_STANDARDS DIGEST ATL 2013-2014.xlsx', None), {}] took: 142.1754 sec
logger - INFO - Shape of Constance_Mackey_STANDARDS DIGEST ATL 2013-2014.xlsx when read: (305178, 122)
logger - INFO - Shape of Constance_Mackey_STANDARDS DIGEST ATL 2013-2014.xlsx after processing: (305178, 1)
root - DEBUG - func:'create_df_from_file' args:[('../data/fulton\\Constance_Mackey_STANDARDS DIGEST ATL 2018.xlsx', None), {}] took: 77.1219 sec
logger - INFO - Shape of Constance_Mackey_STANDARDS DIGEST ATL 2018.xlsx when read: (154648, 122)
logger - INFO - Shape of Constance_Mackey_STANDARDS DIGEST ATL 2018.xlsx after processing: (154648, 1)
root - DEBUG - func:'create_df_from_file' args:[('../data/fulton\\Constance_Mackey_STANDARDS DIGEST ATL 2020.xlsx', None), {}] took: 62.9077 sec
logger - INFO - Shape of Constance_Mackey_STANDARDS DIGEST ATL 2020.xlsx when read: (156211, 122)
logger - INFO - Shape of Constance_Mackey_STANDARDS DIGEST ATL 2020.xlsx after processing: (156211, 1)
root - DEBUG - func:'create_df_from_file' args:[('../data/fulton\\Constance_Mackey_STANDARDS DIGEST ATL 2021.xlsx', None), {}] took: 64.6163 sec
logger - INFO - Shape of Constance_Mackey_STANDARDS DIGEST ATL 2021.xlsx when read: (156771, 122)
logger - INFO - Shape of Constance_Mackey_STANDARDS DIGEST ATL 2021.xlsx after processing: (156771, 1)
root - DEBUG - func:'create_df_from_file' args:[('../data/fulton\\Constance_Mackey_STANDARDS DIGEST ATL 2022.xlsx', None), {}] took: 40.8123 sec
logger - INFO - Shape of Constance_Mackey_STANDARDS DIGEST ATL 2022.xlsx when read: (157713, 122)
logger - INFO - Shape of Constance_Mackey_STANDARDS DIGEST ATL 2022.xlsx after processing: (157713, 1)
root - DEBUG - func:'load_data' args:[(data_info(county_name='fulton', county_path='../data/fulton', var_map_path='../input/var_maps/fulton_map.csv', operations={'append1': {'type': 'append', 'files': {'DIGEST': None, 'NF': None, 'SF': None}}}, output={'path': 'test-output', 'formats': ['parquet', 'csv']}, county_files=['../data/fulton\\2017 Fulton County Tax Districts.pdf', '../data/fulton\\APPEALS 2011-2022.xlsx', '../data/fulton\\CMR 2011.xlsx', '../data/fulton\\CMR 2012.xlsx', '../data/fulton\\CMR 2013.xlsx', '../data/fulton\\CMR 2014.xlsx', '../data/fulton\\CMR 2015.xlsx', '../data/fulton\\CMR 2016.xlsx', '../data/fulton\\CMR 2017.xlsx', '../data/fulton\\CMR 2018.xlsx', '../data/fulton\\CMR 2019.xlsx', '../data/fulton\\CMR 2020.xlsx', '../data/fulton\\CMR 2021.xlsx', '../data/fulton\\CMR 2022.xlsx', '../data/fulton\\Constance_Mackey_DIGEST 14th 2015 02162023.xlsx', '../data/fulton\\Constance_Mackey_STANDARDS DIGEST 14th  2017.xlsx', '../data/fulton\\Constance_Mackey_STANDARDS DIGEST 14th 2010-2011.xlsx', '../data/fulton\\Constance_Mackey_STANDARDS DIGEST 14th 2012-2013.xlsx', '../data/fulton\\Constance_Mackey_STANDARDS DIGEST 14th 2014.xlsx', '../data/fulton\\Constance_Mackey_STANDARDS DIGEST 14th 2018.xlsx', '../data/fulton\\Constance_Mackey_STANDARDS DIGEST 14th 2019.xlsx', '../data/fulton\\Constance_Mackey_STANDARDS DIGEST 14th 2020.xlsx', '../data/fulton\\Constance_Mackey_STANDARDS DIGEST 14th 2021.xlsx', '../data/fulton\\Constance_Mackey_STANDARDS DIGEST 14TH 2022.xlsx', '../data/fulton\\Constance_Mackey_STANDARDS DIGEST 17th  2018.xlsx', '../data/fulton\\Constance_Mackey_STANDARDS DIGEST 17th  2019.xlsx', '../data/fulton\\Constance_Mackey_STANDARDS DIGEST 17th 2010-2011.xlsx', '../data/fulton\\Constance_Mackey_STANDARDS DIGEST 17th 2012-2013.xlsx', '../data/fulton\\Constance_Mackey_STANDARDS DIGEST 17th 2014.xlsx', '../data/fulton\\Constance_Mackey_STANDARDS DIGEST 17th 2015.xlsx', '../data/fulton\\Constance_Mackey_STANDARDS DIGEST 17th 2016.xlsx', '../data/fulton\\Constance_Mackey_STANDARDS DIGEST 17th 2017.xlsx', '../data/fulton\\Constance_Mackey_STANDARDS DIGEST 17th 2020.xlsx', '../data/fulton\\Constance_Mackey_STANDARDS DIGEST 17th 2021.xlsx', '../data/fulton\\Constance_Mackey_STANDARDS DIGEST 17th 2022.xlsx', '../data/fulton\\Constance_Mackey_STANDARDS DIGEST ATL  2015.xlsx', '../data/fulton\\Constance_Mackey_STANDARDS DIGEST ATL  2016.xlsx', '../data/fulton\\Constance_Mackey_STANDARDS DIGEST ATL  2017.xlsx', '../data/fulton\\Constance_Mackey_STANDARDS DIGEST ATL  2019.xlsx', '../data/fulton\\Constance_Mackey_STANDARDS DIGEST ATL 2011-2012.xlsx', '../data/fulton\\Constance_Mackey_STANDARDS DIGEST ATL 2013-2014.xlsx', '../data/fulton\\Constance_Mackey_STANDARDS DIGEST ATL 2018.xlsx', '../data/fulton\\Constance_Mackey_STANDARDS DIGEST ATL 2020.xlsx', '../data/fulton\\Constance_Mackey_STANDARDS DIGEST ATL 2021.xlsx', '../data/fulton\\Constance_Mackey_STANDARDS DIGEST ATL 2022.xlsx', '../data/fulton\\FIELD DEFINITIONS - 2015  UPDATED.xlsx', '../data/fulton\\FultonVariables.xlsx', '../data/fulton\\LUC CODES 10072019.pdf', '../data/fulton\\NF 2010-2011.xlsx', '../data/fulton\\NF 2012-2013.xlsx', '../data/fulton\\NF 2014.xlsx', '../data/fulton\\NF 2015.xlsx', '../data/fulton\\NF 2016.xlsx', '../data/fulton\\NF 2017.xlsx', '../data/fulton\\NF 2018.xlsx', '../data/fulton\\NF 2019.xlsx', '../data/fulton\\NF 2020.xlsx', '../data/fulton\\NF 2021.xlsx', '../data/fulton\\NF 2022.xlsx', '../data/fulton\\Property Class Codes.pdf', '../data/fulton\\SALES VALIDITY CODES LISTING.pdf', '../data/fulton\\SF 2010-2011.xlsx', '../data/fulton\\SF 2012-2013.xlsx', '../data/fulton\\SF 2014.xlsx', '../data/fulton\\SF 2015.xlsx', '../data/fulton\\SF 2016.xlsx', '../data/fulton\\SF 2017.xlsx', '../data/fulton\\SF 2018.xlsx', '../data/fulton\\SF 2019.xlsx', '../data/fulton\\SF 2020.xlsx', '../data/fulton\\SF 2021.xlsx', '../data/fulton\\SF 2022.xlsx', '../data/fulton\\STANDARDS SALES 2011.txt', '../data/fulton\\STANDARDS SALES 2012.txt', '../data/fulton\\STANDARDS SALES 2013.txt', '../data/fulton\\STANDARDS SALES 2014.txt', '../data/fulton\\STANDARDS SALES 2015.txt', '../data/fulton\\STANDARDS SALES 2016.txt', '../data/fulton\\STANDARDS SALES 2017.txt', '../data/fulton\\STANDARDS SALES 2018.txt', '../data/fulton\\STANDARDS SALES 2019.txt', '../data/fulton\\STANDARDS SALES 2020.txt', '../data/fulton\\STANDARDS SALES 2021.txt', '../data/fulton\\STANDARDS SALES 2022.txt', '../data/fulton\\UNDERSTANDING THE PRC_.pdf'], var_map={}), 'DIGEST', None), {}] took: 1458.6978 sec
root - DEBUG - func:'create_df_from_file' args:[('../data/fulton\\NF 2010-2011.xlsx', None), {}] took: 44.9188 sec
logger - INFO - Shape of NF 2010-2011.xlsx when read: (174139, 122)
logger - INFO - Shape of NF 2010-2011.xlsx after processing: (174139, 1)
root - DEBUG - func:'create_df_from_file' args:[('../data/fulton\\NF 2012-2013.xlsx', None), {}] took: 45.3537 sec
logger - INFO - Shape of NF 2012-2013.xlsx when read: (174704, 122)
logger - INFO - Shape of NF 2012-2013.xlsx after processing: (174704, 1)
root - DEBUG - func:'create_df_from_file' args:[('../data/fulton\\NF 2014.xlsx', None), {}] took: 42.1193 sec
logger - INFO - Shape of NF 2014.xlsx when read: (87777, 122)
logger - INFO - Shape of NF 2014.xlsx after processing: (87777, 1)
root - DEBUG - func:'create_df_from_file' args:[('../data/fulton\\NF 2015.xlsx', None), {}] took: 42.8358 sec
logger - INFO - Shape of NF 2015.xlsx when read: (88806, 122)
logger - INFO - Shape of NF 2015.xlsx after processing: (88806, 1)
root - DEBUG - func:'create_df_from_file' args:[('../data/fulton\\NF 2016.xlsx', None), {}] took: 27.6014 sec
logger - INFO - Shape of NF 2016.xlsx when read: (90066, 122)
logger - INFO - Shape of NF 2016.xlsx after processing: (90066, 1)
root - DEBUG - func:'create_df_from_file' args:[('../data/fulton\\NF 2017.xlsx', None), {}] took: 44.4688 sec
logger - INFO - Shape of NF 2017.xlsx when read: (91261, 122)
logger - INFO - Shape of NF 2017.xlsx after processing: (91261, 1)
root - DEBUG - func:'create_df_from_file' args:[('../data/fulton\\NF 2018.xlsx', None), {}] took: 47.4017 sec
logger - INFO - Shape of NF 2018.xlsx when read: (92297, 122)
logger - INFO - Shape of NF 2018.xlsx after processing: (92297, 1)
root - DEBUG - func:'create_df_from_file' args:[('../data/fulton\\NF 2019.xlsx', None), {}] took: 40.5800 sec
logger - INFO - Shape of NF 2019.xlsx when read: (92986, 122)
logger - INFO - Shape of NF 2019.xlsx after processing: (92986, 1)
root - DEBUG - func:'create_df_from_file' args:[('../data/fulton\\NF 2020.xlsx', None), {}] took: 46.3344 sec
logger - INFO - Shape of NF 2020.xlsx when read: (93571, 122)
logger - INFO - Shape of NF 2020.xlsx after processing: (93571, 1)
root - DEBUG - func:'create_df_from_file' args:[('../data/fulton\\NF 2021.xlsx', None), {}] took: 46.1909 sec
logger - INFO - Shape of NF 2021.xlsx when read: (94383, 122)
logger - INFO - Shape of NF 2021.xlsx after processing: (94383, 1)
root - DEBUG - func:'create_df_from_file' args:[('../data/fulton\\NF 2022.xlsx', None), {}] took: 46.4876 sec
logger - INFO - Shape of NF 2022.xlsx when read: (94925, 122)
logger - INFO - Shape of NF 2022.xlsx after processing: (94925, 1)
root - DEBUG - func:'load_data' args:[(data_info(county_name='fulton', county_path='../data/fulton', var_map_path='../input/var_maps/fulton_map.csv', operations={'append1': {'type': 'append', 'files': {'DIGEST': None, 'NF': None, 'SF': None}}}, output={'path': 'test-output', 'formats': ['parquet', 'csv']}, county_files=['../data/fulton\\2017 Fulton County Tax Districts.pdf', '../data/fulton\\APPEALS 2011-2022.xlsx', '../data/fulton\\CMR 2011.xlsx', '../data/fulton\\CMR 2012.xlsx', '../data/fulton\\CMR 2013.xlsx', '../data/fulton\\CMR 2014.xlsx', '../data/fulton\\CMR 2015.xlsx', '../data/fulton\\CMR 2016.xlsx', '../data/fulton\\CMR 2017.xlsx', '../data/fulton\\CMR 2018.xlsx', '../data/fulton\\CMR 2019.xlsx', '../data/fulton\\CMR 2020.xlsx', '../data/fulton\\CMR 2021.xlsx', '../data/fulton\\CMR 2022.xlsx', '../data/fulton\\Constance_Mackey_DIGEST 14th 2015 02162023.xlsx', '../data/fulton\\Constance_Mackey_STANDARDS DIGEST 14th  2017.xlsx', '../data/fulton\\Constance_Mackey_STANDARDS DIGEST 14th 2010-2011.xlsx', '../data/fulton\\Constance_Mackey_STANDARDS DIGEST 14th 2012-2013.xlsx', '../data/fulton\\Constance_Mackey_STANDARDS DIGEST 14th 2014.xlsx', '../data/fulton\\Constance_Mackey_STANDARDS DIGEST 14th 2018.xlsx', '../data/fulton\\Constance_Mackey_STANDARDS DIGEST 14th 2019.xlsx', '../data/fulton\\Constance_Mackey_STANDARDS DIGEST 14th 2020.xlsx', '../data/fulton\\Constance_Mackey_STANDARDS DIGEST 14th 2021.xlsx', '../data/fulton\\Constance_Mackey_STANDARDS DIGEST 14TH 2022.xlsx', '../data/fulton\\Constance_Mackey_STANDARDS DIGEST 17th  2018.xlsx', '../data/fulton\\Constance_Mackey_STANDARDS DIGEST 17th  2019.xlsx', '../data/fulton\\Constance_Mackey_STANDARDS DIGEST 17th 2010-2011.xlsx', '../data/fulton\\Constance_Mackey_STANDARDS DIGEST 17th 2012-2013.xlsx', '../data/fulton\\Constance_Mackey_STANDARDS DIGEST 17th 2014.xlsx', '../data/fulton\\Constance_Mackey_STANDARDS DIGEST 17th 2015.xlsx', '../data/fulton\\Constance_Mackey_STANDARDS DIGEST 17th 2016.xlsx', '../data/fulton\\Constance_Mackey_STANDARDS DIGEST 17th 2017.xlsx', '../data/fulton\\Constance_Mackey_STANDARDS DIGEST 17th 2020.xlsx', '../data/fulton\\Constance_Mackey_STANDARDS DIGEST 17th 2021.xlsx', '../data/fulton\\Constance_Mackey_STANDARDS DIGEST 17th 2022.xlsx', '../data/fulton\\Constance_Mackey_STANDARDS DIGEST ATL  2015.xlsx', '../data/fulton\\Constance_Mackey_STANDARDS DIGEST ATL  2016.xlsx', '../data/fulton\\Constance_Mackey_STANDARDS DIGEST ATL  2017.xlsx', '../data/fulton\\Constance_Mackey_STANDARDS DIGEST ATL  2019.xlsx', '../data/fulton\\Constance_Mackey_STANDARDS DIGEST ATL 2011-2012.xlsx', '../data/fulton\\Constance_Mackey_STANDARDS DIGEST ATL 2013-2014.xlsx', '../data/fulton\\Constance_Mackey_STANDARDS DIGEST ATL 2018.xlsx', '../data/fulton\\Constance_Mackey_STANDARDS DIGEST ATL 2020.xlsx', '../data/fulton\\Constance_Mackey_STANDARDS DIGEST ATL 2021.xlsx', '../data/fulton\\Constance_Mackey_STANDARDS DIGEST ATL 2022.xlsx', '../data/fulton\\FIELD DEFINITIONS - 2015  UPDATED.xlsx', '../data/fulton\\FultonVariables.xlsx', '../data/fulton\\LUC CODES 10072019.pdf', '../data/fulton\\NF 2010-2011.xlsx', '../data/fulton\\NF 2012-2013.xlsx', '../data/fulton\\NF 2014.xlsx', '../data/fulton\\NF 2015.xlsx', '../data/fulton\\NF 2016.xlsx', '../data/fulton\\NF 2017.xlsx', '../data/fulton\\NF 2018.xlsx', '../data/fulton\\NF 2019.xlsx', '../data/fulton\\NF 2020.xlsx', '../data/fulton\\NF 2021.xlsx', '../data/fulton\\NF 2022.xlsx', '../data/fulton\\Property Class Codes.pdf', '../data/fulton\\SALES VALIDITY CODES LISTING.pdf', '../data/fulton\\SF 2010-2011.xlsx', '../data/fulton\\SF 2012-2013.xlsx', '../data/fulton\\SF 2014.xlsx', '../data/fulton\\SF 2015.xlsx', '../data/fulton\\SF 2016.xlsx', '../data/fulton\\SF 2017.xlsx', '../data/fulton\\SF 2018.xlsx', '../data/fulton\\SF 2019.xlsx', '../data/fulton\\SF 2020.xlsx', '../data/fulton\\SF 2021.xlsx', '../data/fulton\\SF 2022.xlsx', '../data/fulton\\STANDARDS SALES 2011.txt', '../data/fulton\\STANDARDS SALES 2012.txt', '../data/fulton\\STANDARDS SALES 2013.txt', '../data/fulton\\STANDARDS SALES 2014.txt', '../data/fulton\\STANDARDS SALES 2015.txt', '../data/fulton\\STANDARDS SALES 2016.txt', '../data/fulton\\STANDARDS SALES 2017.txt', '../data/fulton\\STANDARDS SALES 2018.txt', '../data/fulton\\STANDARDS SALES 2019.txt', '../data/fulton\\STANDARDS SALES 2020.txt', '../data/fulton\\STANDARDS SALES 2021.txt', '../data/fulton\\STANDARDS SALES 2022.txt', '../data/fulton\\UNDERSTANDING THE PRC_.pdf'], var_map={}), 'NF', None), {}] took: 474.4793 sec
root - DEBUG - func:'create_df_from_file' args:[('../data/fulton\\SF 2010-2011.xlsx', None), {}] took: 55.0564 sec
logger - INFO - Shape of SF 2010-2011.xlsx when read: (136107, 122)
logger - INFO - Shape of SF 2010-2011.xlsx after processing: (136107, 1)
root - DEBUG - func:'create_df_from_file' args:[('../data/fulton\\SF 2012-2013.xlsx', None), {}] took: 49.5557 sec
logger - INFO - Shape of SF 2012-2013.xlsx when read: (136036, 122)
logger - INFO - Shape of SF 2012-2013.xlsx after processing: (136036, 1)
root - DEBUG - func:'create_df_from_file' args:[('../data/fulton\\SF 2014.xlsx', None), {}] took: 16.3699 sec
logger - INFO - Shape of SF 2014.xlsx when read: (68234, 122)
logger - INFO - Shape of SF 2014.xlsx after processing: (68234, 1)
root - DEBUG - func:'create_df_from_file' args:[('../data/fulton\\SF 2015.xlsx', None), {}] took: 16.4870 sec
logger - INFO - Shape of SF 2015.xlsx when read: (68429, 122)
logger - INFO - Shape of SF 2015.xlsx after processing: (68429, 1)
root - DEBUG - func:'create_df_from_file' args:[('../data/fulton\\SF 2016.xlsx', None), {}] took: 16.6586 sec
logger - INFO - Shape of SF 2016.xlsx when read: (68524, 122)
logger - INFO - Shape of SF 2016.xlsx after processing: (68524, 1)
root - DEBUG - func:'create_df_from_file' args:[('../data/fulton\\SF 2017.xlsx', None), {}] took: 17.0863 sec
logger - INFO - Shape of SF 2017.xlsx when read: (69287, 122)
logger - INFO - Shape of SF 2017.xlsx after processing: (69287, 1)
root - DEBUG - func:'create_df_from_file' args:[('../data/fulton\\SF 2018.xlsx', None), {}] took: 17.9215 sec
logger - INFO - Shape of SF 2018.xlsx when read: (69611, 122)
logger - INFO - Shape of SF 2018.xlsx after processing: (69611, 1)
root - DEBUG - func:'create_df_from_file' args:[('../data/fulton\\SF 2019.xlsx', None), {}] took: 17.4514 sec
logger - INFO - Shape of SF 2019.xlsx when read: (70097, 122)
logger - INFO - Shape of SF 2019.xlsx after processing: (70097, 1)
root - DEBUG - func:'create_df_from_file' args:[('../data/fulton\\SF 2020.xlsx', None), {}] took: 17.7550 sec
logger - INFO - Shape of SF 2020.xlsx when read: (70755, 122)
logger - INFO - Shape of SF 2020.xlsx after processing: (70755, 1)
root - DEBUG - func:'create_df_from_file' args:[('../data/fulton\\SF 2021.xlsx', None), {}] took: 17.7717 sec
logger - INFO - Shape of SF 2021.xlsx when read: (71416, 122)
logger - INFO - Shape of SF 2021.xlsx after processing: (71416, 1)
root - DEBUG - func:'create_df_from_file' args:[('../data/fulton\\SF 2022.xlsx', None), {}] took: 18.3865 sec
logger - INFO - Shape of SF 2022.xlsx when read: (72393, 124)
logger - INFO - Shape of SF 2022.xlsx after processing: (72393, 1)
root - DEBUG - func:'load_data' args:[(data_info(county_name='fulton', county_path='../data/fulton', var_map_path='../input/var_maps/fulton_map.csv', operations={'append1': {'type': 'append', 'files': {'DIGEST': None, 'NF': None, 'SF': None}}}, output={'path': 'test-output', 'formats': ['parquet', 'csv']}, county_files=['../data/fulton\\2017 Fulton County Tax Districts.pdf', '../data/fulton\\APPEALS 2011-2022.xlsx', '../data/fulton\\CMR 2011.xlsx', '../data/fulton\\CMR 2012.xlsx', '../data/fulton\\CMR 2013.xlsx', '../data/fulton\\CMR 2014.xlsx', '../data/fulton\\CMR 2015.xlsx', '../data/fulton\\CMR 2016.xlsx', '../data/fulton\\CMR 2017.xlsx', '../data/fulton\\CMR 2018.xlsx', '../data/fulton\\CMR 2019.xlsx', '../data/fulton\\CMR 2020.xlsx', '../data/fulton\\CMR 2021.xlsx', '../data/fulton\\CMR 2022.xlsx', '../data/fulton\\Constance_Mackey_DIGEST 14th 2015 02162023.xlsx', '../data/fulton\\Constance_Mackey_STANDARDS DIGEST 14th  2017.xlsx', '../data/fulton\\Constance_Mackey_STANDARDS DIGEST 14th 2010-2011.xlsx', '../data/fulton\\Constance_Mackey_STANDARDS DIGEST 14th 2012-2013.xlsx', '../data/fulton\\Constance_Mackey_STANDARDS DIGEST 14th 2014.xlsx', '../data/fulton\\Constance_Mackey_STANDARDS DIGEST 14th 2018.xlsx', '../data/fulton\\Constance_Mackey_STANDARDS DIGEST 14th 2019.xlsx', '../data/fulton\\Constance_Mackey_STANDARDS DIGEST 14th 2020.xlsx', '../data/fulton\\Constance_Mackey_STANDARDS DIGEST 14th 2021.xlsx', '../data/fulton\\Constance_Mackey_STANDARDS DIGEST 14TH 2022.xlsx', '../data/fulton\\Constance_Mackey_STANDARDS DIGEST 17th  2018.xlsx', '../data/fulton\\Constance_Mackey_STANDARDS DIGEST 17th  2019.xlsx', '../data/fulton\\Constance_Mackey_STANDARDS DIGEST 17th 2010-2011.xlsx', '../data/fulton\\Constance_Mackey_STANDARDS DIGEST 17th 2012-2013.xlsx', '../data/fulton\\Constance_Mackey_STANDARDS DIGEST 17th 2014.xlsx', '../data/fulton\\Constance_Mackey_STANDARDS DIGEST 17th 2015.xlsx', '../data/fulton\\Constance_Mackey_STANDARDS DIGEST 17th 2016.xlsx', '../data/fulton\\Constance_Mackey_STANDARDS DIGEST 17th 2017.xlsx', '../data/fulton\\Constance_Mackey_STANDARDS DIGEST 17th 2020.xlsx', '../data/fulton\\Constance_Mackey_STANDARDS DIGEST 17th 2021.xlsx', '../data/fulton\\Constance_Mackey_STANDARDS DIGEST 17th 2022.xlsx', '../data/fulton\\Constance_Mackey_STANDARDS DIGEST ATL  2015.xlsx', '../data/fulton\\Constance_Mackey_STANDARDS DIGEST ATL  2016.xlsx', '../data/fulton\\Constance_Mackey_STANDARDS DIGEST ATL  2017.xlsx', '../data/fulton\\Constance_Mackey_STANDARDS DIGEST ATL  2019.xlsx', '../data/fulton\\Constance_Mackey_STANDARDS DIGEST ATL 2011-2012.xlsx', '../data/fulton\\Constance_Mackey_STANDARDS DIGEST ATL 2013-2014.xlsx', '../data/fulton\\Constance_Mackey_STANDARDS DIGEST ATL 2018.xlsx', '../data/fulton\\Constance_Mackey_STANDARDS DIGEST ATL 2020.xlsx', '../data/fulton\\Constance_Mackey_STANDARDS DIGEST ATL 2021.xlsx', '../data/fulton\\Constance_Mackey_STANDARDS DIGEST ATL 2022.xlsx', '../data/fulton\\FIELD DEFINITIONS - 2015  UPDATED.xlsx', '../data/fulton\\FultonVariables.xlsx', '../data/fulton\\LUC CODES 10072019.pdf', '../data/fulton\\NF 2010-2011.xlsx', '../data/fulton\\NF 2012-2013.xlsx', '../data/fulton\\NF 2014.xlsx', '../data/fulton\\NF 2015.xlsx', '../data/fulton\\NF 2016.xlsx', '../data/fulton\\NF 2017.xlsx', '../data/fulton\\NF 2018.xlsx', '../data/fulton\\NF 2019.xlsx', '../data/fulton\\NF 2020.xlsx', '../data/fulton\\NF 2021.xlsx', '../data/fulton\\NF 2022.xlsx', '../data/fulton\\Property Class Codes.pdf', '../data/fulton\\SALES VALIDITY CODES LISTING.pdf', '../data/fulton\\SF 2010-2011.xlsx', '../data/fulton\\SF 2012-2013.xlsx', '../data/fulton\\SF 2014.xlsx', '../data/fulton\\SF 2015.xlsx', '../data/fulton\\SF 2016.xlsx', '../data/fulton\\SF 2017.xlsx', '../data/fulton\\SF 2018.xlsx', '../data/fulton\\SF 2019.xlsx', '../data/fulton\\SF 2020.xlsx', '../data/fulton\\SF 2021.xlsx', '../data/fulton\\SF 2022.xlsx', '../data/fulton\\STANDARDS SALES 2011.txt', '../data/fulton\\STANDARDS SALES 2012.txt', '../data/fulton\\STANDARDS SALES 2013.txt', '../data/fulton\\STANDARDS SALES 2014.txt', '../data/fulton\\STANDARDS SALES 2015.txt', '../data/fulton\\STANDARDS SALES 2016.txt', '../data/fulton\\STANDARDS SALES 2017.txt', '../data/fulton\\STANDARDS SALES 2018.txt', '../data/fulton\\STANDARDS SALES 2019.txt', '../data/fulton\\STANDARDS SALES 2020.txt', '../data/fulton\\STANDARDS SALES 2021.txt', '../data/fulton\\STANDARDS SALES 2022.txt', '../data/fulton\\UNDERSTANDING THE PRC_.pdf'], var_map={}), 'SF', None), {}] took: 260.5896 sec
